0 info it worked if it ends with ok
1 verbose cli [ '/usr/bin/nodejs', '/usr/bin/npm', 'start' ]
2 info using npm@3.5.2
3 info using node@v4.2.6
4 verbose run-script [ 'prestart', 'start', 'poststart' ]
5 info lifecycle ghost@0.11.3~prestart: ghost@0.11.3
6 silly lifecycle ghost@0.11.3~prestart: no script for prestart, continuing
7 info lifecycle ghost@0.11.3~start: ghost@0.11.3
8 verbose lifecycle ghost@0.11.3~start: unsafe-perm in lifecycle true
9 verbose lifecycle ghost@0.11.3~start: PATH: /usr/share/npm/bin/node-gyp-bin:/home/kendra/ghost/node_modules/.bin:/home/kendra/bin:/home/kendra/.local/bin:/usr/local/sbin:/usr/local/bin:/usr/sbin:/usr/bin:/sbin:/bin:/usr/games:/usr/local/games:/snap/bin
10 verbose lifecycle ghost@0.11.3~start: CWD: /home/kendra/ghost
11 silly lifecycle ghost@0.11.3~start: Args: [ '-c', 'node index' ]
12 silly lifecycle ghost@0.11.3~start: Returned: code: 235  signal: null
13 info lifecycle ghost@0.11.3~start: Failed to exec start script
14 verbose stack Error: ghost@0.11.3 start: `node index`
14 verbose stack Exit status 235
14 verbose stack     at EventEmitter.<anonymous> (/usr/share/npm/lib/utils/lifecycle.js:232:16)
14 verbose stack     at emitTwo (events.js:87:13)
14 verbose stack     at EventEmitter.emit (events.js:172:7)
14 verbose stack     at ChildProcess.<anonymous> (/usr/share/npm/lib/utils/spawn.js:24:14)
14 verbose stack     at emitTwo (events.js:87:13)
14 verbose stack     at ChildProcess.emit (events.js:172:7)
14 verbose stack     at maybeClose (internal/child_process.js:821:16)
14 verbose stack     at Process.ChildProcess._handle.onexit (internal/child_process.js:211:5)
15 verbose pkgid ghost@0.11.3
16 verbose cwd /home/kendra/ghost
17 error Linux 4.4.0-47-generic
18 error argv "/usr/bin/nodejs" "/usr/bin/npm" "start"
19 error node v4.2.6
20 error npm  v3.5.2
21 error code ELIFECYCLE
22 error ghost@0.11.3 start: `node index`
22 error Exit status 235
23 error Failed at the ghost@0.11.3 start script 'node index'.
23 error Make sure you have the latest version of node.js and npm installed.
23 error If you do, this is most likely a problem with the ghost package,
23 error not with npm itself.
23 error Tell the author that this fails on your system:
23 error     node index
23 error You can get information on how to open an issue for this project with:
23 error     npm bugs ghost
23 error Or if that isn't available, you can get their info via:
23 error     npm owner ls ghost
23 error There is likely additional logging output above.
24 verbose exit [ 1, true ]
